<?xml version="1.0" encoding="UTF-8"?>
<testng-results ignored="0" total="1" passed="1" failed="0" skipped="0">
  <reporter-output>
  </reporter-output>
  <suite started-at="2021-01-04T20:17:51 IST" name="Default suite" finished-at="2021-01-04T20:18:03 IST" duration-ms="12469">
    <groups>
    </groups>
    <test started-at="2021-01-04T20:17:51 IST" name="Default test" finished-at="2021-01-04T20:18:03 IST" duration-ms="12469">
      <class name="newwww2.work">
        <test-method signature="Testtt()[pri:0, instance:newwww2.work@1fb700ee]" started-at="2021-01-04T20:17:51 IST" name="Testtt" finished-at="2021-01-04T20:18:03 IST" duration-ms="12440" status="PASS">
          <reporter-output>
          </reporter-output>
        </test-method> <!-- Testtt -->
      </class> <!-- newwww2.work -->
    </test> <!-- Default test -->
  </suite> <!-- Default suite -->
</testng-results>
